
Training options:
{
  "G_kwargs": {
    "class_name": "training.networks_stylegan3.Generator",
    "z_dim": 512,
    "w_dim": 512,
    "mapping_kwargs": {
      "num_layers": 2
    },
    "channel_base": 32768,
    "channel_max": 512,
    "magnitude_ema_beta": 0.9988915792636801
  },
  "D_kwargs": {
    "class_name": "training.networks_stylegan2.Discriminator",
    "block_kwargs": {
      "freeze_layers": 0
    },
    "mapping_kwargs": {},
    "epilogue_kwargs": {
      "mbstd_group_size": 4
    },
    "channel_base": 32768,
    "channel_max": 512
  },
  "G_opt_kwargs": {
    "class_name": "torch.optim.Adam",
    "betas": [
      0,
      0.99
    ],
    "eps": 1e-08,
    "lr": 0.0025
  },
  "D_opt_kwargs": {
    "class_name": "torch.optim.Adam",
    "betas": [
      0,
      0.99
    ],
    "eps": 1e-08,
    "lr": 0.002
  },
  "loss_kwargs": {
    "class_name": "training.loss.StyleGAN2Loss",
    "r1_gamma": 8.2
  },
  "data_loader_kwargs": {
    "pin_memory": true,
    "prefetch_factor": 2,
    "num_workers": 3
  },
  "training_set_kwargs": {
    "class_name": "training.dataset.ImageFolderDataset",
    "path": "images.zip",
    "use_labels": false,
    "max_size": 20000,
    "xflip": true,
    "resolution": 128,
    "random_seed": 0
  },
  "num_gpus": 1,
  "batch_size": 32,
  "batch_gpu": 32,
  "metrics": [
    "fid50k_full"
  ],
  "total_kimg": 25000,
  "kimg_per_tick": 4,
  "image_snapshot_ticks": 50,
  "network_snapshot_ticks": 50,
  "random_seed": 0,
  "ema_kimg": 10.0,
  "augment_kwargs": {
    "class_name": "training.augment.AugmentPipe",
    "xflip": 1,
    "rotate90": 1,
    "xint": 1,
    "scale": 1,
    "rotate": 1,
    "aniso": 1,
    "xfrac": 1,
    "brightness": 1,
    "contrast": 1,
    "lumaflip": 1,
    "hue": 1,
    "saturation": 1
  },
  "ada_target": 0.6,
  "run_dir": "training-runs/00003-stylegan3-t-images-gpus1-batch32-gamma8.2"
}

Output directory:    training-runs/00003-stylegan3-t-images-gpus1-batch32-gamma8.2
Number of GPUs:      1
Batch size:          32 images
Training duration:   25000 kimg
Dataset path:        images.zip
Dataset size:        20000 images
Dataset resolution:  128
Dataset labels:      False
Dataset x-flips:     True

Creating output directory...
Launching processes...
Loading training set...

Num images:  40000
Image shape: [3, 128, 128]
Label shape: [0]

Constructing networks...
Setting up PyTorch plugin "bias_act_plugin"... Failed!
Traceback (most recent call last):
  File "/home/vincenzo/Documents/GitHub/NFT-Collections-Generator/models/StyleGAN/stylegan3/train.py", line 286, in <module>
    main() # pylint: disable=no-value-for-parameter
  File "/home/vincenzo/anaconda3/envs/stylegan3/lib/python3.9/site-packages/click/core.py", line 1128, in __call__
    return self.main(*args, **kwargs)
  File "/home/vincenzo/anaconda3/envs/stylegan3/lib/python3.9/site-packages/click/core.py", line 1053, in main
    rv = self.invoke(ctx)
  File "/home/vincenzo/anaconda3/envs/stylegan3/lib/python3.9/site-packages/click/core.py", line 1395, in invoke
    return ctx.invoke(self.callback, **ctx.params)
  File "/home/vincenzo/anaconda3/envs/stylegan3/lib/python3.9/site-packages/click/core.py", line 754, in invoke
    return __callback(*args, **kwargs)
  File "/home/vincenzo/Documents/GitHub/NFT-Collections-Generator/models/StyleGAN/stylegan3/train.py", line 281, in main
    launch_training(c=c, desc=desc, outdir=opts.outdir, dry_run=opts.dry_run)
  File "/home/vincenzo/Documents/GitHub/NFT-Collections-Generator/models/StyleGAN/stylegan3/train.py", line 96, in launch_training
    subprocess_fn(rank=0, c=c, temp_dir=temp_dir)
  File "/home/vincenzo/Documents/GitHub/NFT-Collections-Generator/models/StyleGAN/stylegan3/train.py", line 47, in subprocess_fn
    training_loop.training_loop(rank=rank, **c)
  File "/home/vincenzo/Documents/GitHub/NFT-Collections-Generator/models/StyleGAN/stylegan3/training/training_loop.py", line 168, in training_loop
    img = misc.print_module_summary(G, [z, c])
  File "/home/vincenzo/Documents/GitHub/NFT-Collections-Generator/models/StyleGAN/stylegan3/torch_utils/misc.py", line 216, in print_module_summary
    outputs = module(*inputs)
  File "/home/vincenzo/anaconda3/envs/stylegan3/lib/python3.9/site-packages/torch/nn/modules/module.py", line 1071, in _call_impl
    result = forward_call(*input, **kwargs)
  File "/home/vincenzo/Documents/GitHub/NFT-Collections-Generator/models/StyleGAN/stylegan3/training/networks_stylegan3.py", line 511, in forward
    ws = self.mapping(z, c, truncation_psi=truncation_psi, truncation_cutoff=truncation_cutoff, update_emas=update_emas)
  File "/home/vincenzo/anaconda3/envs/stylegan3/lib/python3.9/site-packages/torch/nn/modules/module.py", line 1071, in _call_impl
    result = forward_call(*input, **kwargs)
  File "/home/vincenzo/Documents/GitHub/NFT-Collections-Generator/models/StyleGAN/stylegan3/training/networks_stylegan3.py", line 151, in forward
    x = getattr(self, f'fc{idx}')(x)
  File "/home/vincenzo/anaconda3/envs/stylegan3/lib/python3.9/site-packages/torch/nn/modules/module.py", line 1071, in _call_impl
    result = forward_call(*input, **kwargs)
  File "/home/vincenzo/Documents/GitHub/NFT-Collections-Generator/models/StyleGAN/stylegan3/training/networks_stylegan3.py", line 100, in forward
    x = bias_act.bias_act(x, b, act=self.activation)
  File "/home/vincenzo/Documents/GitHub/NFT-Collections-Generator/models/StyleGAN/stylegan3/torch_utils/ops/bias_act.py", line 84, in bias_act
    if impl == 'cuda' and x.device.type == 'cuda' and _init():
  File "/home/vincenzo/Documents/GitHub/NFT-Collections-Generator/models/StyleGAN/stylegan3/torch_utils/ops/bias_act.py", line 41, in _init
    _plugin = custom_ops.get_plugin(
  File "/home/vincenzo/Documents/GitHub/NFT-Collections-Generator/models/StyleGAN/stylegan3/torch_utils/custom_ops.py", line 136, in get_plugin
    torch.utils.cpp_extension.load(name=module_name, build_directory=cached_build_dir,
  File "/home/vincenzo/anaconda3/envs/stylegan3/lib/python3.9/site-packages/torch/utils/cpp_extension.py", line 1080, in load
    return _jit_compile(
  File "/home/vincenzo/anaconda3/envs/stylegan3/lib/python3.9/site-packages/torch/utils/cpp_extension.py", line 1293, in _jit_compile
    _write_ninja_file_and_build_library(
  File "/home/vincenzo/anaconda3/envs/stylegan3/lib/python3.9/site-packages/torch/utils/cpp_extension.py", line 1382, in _write_ninja_file_and_build_library
    extra_ldflags = _prepare_ldflags(
  File "/home/vincenzo/anaconda3/envs/stylegan3/lib/python3.9/site-packages/torch/utils/cpp_extension.py", line 1490, in _prepare_ldflags
    extra_ldflags.append(f'-L{_join_cuda_home("lib64")}')
  File "/home/vincenzo/anaconda3/envs/stylegan3/lib/python3.9/site-packages/torch/utils/cpp_extension.py", line 1984, in _join_cuda_home
    raise EnvironmentError('CUDA_HOME environment variable is not set. '
OSError: CUDA_HOME environment variable is not set. Please set it to your CUDA install root.

Training options:
{
  "G_kwargs": {
    "class_name": "training.networks_stylegan3.Generator",
    "z_dim": 512,
    "w_dim": 512,
    "mapping_kwargs": {
      "num_layers": 2
    },
    "channel_base": 32768,
    "channel_max": 512,
    "magnitude_ema_beta": 0.9988915792636801
  },
  "D_kwargs": {
    "class_name": "training.networks_stylegan2.Discriminator",
    "block_kwargs": {
      "freeze_layers": 0
    },
    "mapping_kwargs": {},
    "epilogue_kwargs": {
      "mbstd_group_size": 4
    },
    "channel_base": 32768,
    "channel_max": 512
  },
  "G_opt_kwargs": {
    "class_name": "torch.optim.Adam",
    "betas": [
      0,
      0.99
    ],
    "eps": 1e-08,
    "lr": 0.0025
  },
  "D_opt_kwargs": {
    "class_name": "torch.optim.Adam",
    "betas": [
      0,
      0.99
    ],
    "eps": 1e-08,
    "lr": 0.002
  },
  "loss_kwargs": {
    "class_name": "training.loss.StyleGAN2Loss",
    "r1_gamma": 8.2
  },
  "data_loader_kwargs": {
    "pin_memory": true,
    "prefetch_factor": 2,
    "num_workers": 3
  },
  "training_set_kwargs": {
    "class_name": "training.dataset.ImageFolderDataset",
    "path": "images.zip",
    "use_labels": false,
    "max_size": 20000,
    "xflip": true,
    "resolution": 128,
    "random_seed": 0
  },
  "num_gpus": 1,
  "batch_size": 32,
  "batch_gpu": 32,
  "metrics": [
    "fid50k_full"
  ],
  "total_kimg": 25000,
  "kimg_per_tick": 4,
  "image_snapshot_ticks": 50,
  "network_snapshot_ticks": 50,
  "random_seed": 0,
  "ema_kimg": 10.0,
  "augment_kwargs": {
    "class_name": "training.augment.AugmentPipe",
    "xflip": 1,
    "rotate90": 1,
    "xint": 1,
    "scale": 1,
    "rotate": 1,
    "aniso": 1,
    "xfrac": 1,
    "brightness": 1,
    "contrast": 1,
    "lumaflip": 1,
    "hue": 1,
    "saturation": 1
  },
  "ada_target": 0.6,
  "run_dir": "training-runs/00004-stylegan3-t-images-gpus1-batch32-gamma8.2"
}

Output directory:    training-runs/00004-stylegan3-t-images-gpus1-batch32-gamma8.2
Number of GPUs:      1
Batch size:          32 images
Training duration:   25000 kimg
Dataset path:        images.zip
Dataset size:        20000 images
Dataset resolution:  128
Dataset labels:      False
Dataset x-flips:     True

Creating output directory...
Launching processes...
Loading training set...

Num images:  40000
Image shape: [3, 128, 128]
Label shape: [0]

Constructing networks...
Setting up PyTorch plugin "bias_act_plugin"... Failed!
Traceback (most recent call last):
  File "/home/vincenzo/anaconda3/envs/stylegan3/lib/python3.9/site-packages/torch/utils/cpp_extension.py", line 1666, in _run_ninja_build
    subprocess.run(
  File "/home/vincenzo/anaconda3/envs/stylegan3/lib/python3.9/subprocess.py", line 528, in run
    raise CalledProcessError(retcode, process.args,
subprocess.CalledProcessError: Command '['ninja', '-v']' returned non-zero exit status 1.

The above exception was the direct cause of the following exception:

Traceback (most recent call last):
  File "/home/vincenzo/Documents/GitHub/NFT-Collections-Generator/models/StyleGAN/stylegan3/train.py", line 286, in <module>
    main() # pylint: disable=no-value-for-parameter
  File "/home/vincenzo/anaconda3/envs/stylegan3/lib/python3.9/site-packages/click/core.py", line 1128, in __call__
    return self.main(*args, **kwargs)
  File "/home/vincenzo/anaconda3/envs/stylegan3/lib/python3.9/site-packages/click/core.py", line 1053, in main
    rv = self.invoke(ctx)
  File "/home/vincenzo/anaconda3/envs/stylegan3/lib/python3.9/site-packages/click/core.py", line 1395, in invoke
    return ctx.invoke(self.callback, **ctx.params)
  File "/home/vincenzo/anaconda3/envs/stylegan3/lib/python3.9/site-packages/click/core.py", line 754, in invoke
    return __callback(*args, **kwargs)
  File "/home/vincenzo/Documents/GitHub/NFT-Collections-Generator/models/StyleGAN/stylegan3/train.py", line 281, in main
    launch_training(c=c, desc=desc, outdir=opts.outdir, dry_run=opts.dry_run)
  File "/home/vincenzo/Documents/GitHub/NFT-Collections-Generator/models/StyleGAN/stylegan3/train.py", line 96, in launch_training
    subprocess_fn(rank=0, c=c, temp_dir=temp_dir)
  File "/home/vincenzo/Documents/GitHub/NFT-Collections-Generator/models/StyleGAN/stylegan3/train.py", line 47, in subprocess_fn
    training_loop.training_loop(rank=rank, **c)
  File "/home/vincenzo/Documents/GitHub/NFT-Collections-Generator/models/StyleGAN/stylegan3/training/training_loop.py", line 168, in training_loop
    img = misc.print_module_summary(G, [z, c])
  File "/home/vincenzo/Documents/GitHub/NFT-Collections-Generator/models/StyleGAN/stylegan3/torch_utils/misc.py", line 216, in print_module_summary
    outputs = module(*inputs)
  File "/home/vincenzo/anaconda3/envs/stylegan3/lib/python3.9/site-packages/torch/nn/modules/module.py", line 1071, in _call_impl
    result = forward_call(*input, **kwargs)
  File "/home/vincenzo/Documents/GitHub/NFT-Collections-Generator/models/StyleGAN/stylegan3/training/networks_stylegan3.py", line 511, in forward
    ws = self.mapping(z, c, truncation_psi=truncation_psi, truncation_cutoff=truncation_cutoff, update_emas=update_emas)
  File "/home/vincenzo/anaconda3/envs/stylegan3/lib/python3.9/site-packages/torch/nn/modules/module.py", line 1071, in _call_impl
    result = forward_call(*input, **kwargs)
  File "/home/vincenzo/Documents/GitHub/NFT-Collections-Generator/models/StyleGAN/stylegan3/training/networks_stylegan3.py", line 151, in forward
    x = getattr(self, f'fc{idx}')(x)
  File "/home/vincenzo/anaconda3/envs/stylegan3/lib/python3.9/site-packages/torch/nn/modules/module.py", line 1071, in _call_impl
    result = forward_call(*input, **kwargs)
  File "/home/vincenzo/Documents/GitHub/NFT-Collections-Generator/models/StyleGAN/stylegan3/training/networks_stylegan3.py", line 100, in forward
    x = bias_act.bias_act(x, b, act=self.activation)
  File "/home/vincenzo/Documents/GitHub/NFT-Collections-Generator/models/StyleGAN/stylegan3/torch_utils/ops/bias_act.py", line 84, in bias_act
    if impl == 'cuda' and x.device.type == 'cuda' and _init():
  File "/home/vincenzo/Documents/GitHub/NFT-Collections-Generator/models/StyleGAN/stylegan3/torch_utils/ops/bias_act.py", line 41, in _init
    _plugin = custom_ops.get_plugin(
  File "/home/vincenzo/Documents/GitHub/NFT-Collections-Generator/models/StyleGAN/stylegan3/torch_utils/custom_ops.py", line 136, in get_plugin
    torch.utils.cpp_extension.load(name=module_name, build_directory=cached_build_dir,
  File "/home/vincenzo/anaconda3/envs/stylegan3/lib/python3.9/site-packages/torch/utils/cpp_extension.py", line 1080, in load
    return _jit_compile(
  File "/home/vincenzo/anaconda3/envs/stylegan3/lib/python3.9/site-packages/torch/utils/cpp_extension.py", line 1293, in _jit_compile
    _write_ninja_file_and_build_library(
  File "/home/vincenzo/anaconda3/envs/stylegan3/lib/python3.9/site-packages/torch/utils/cpp_extension.py", line 1405, in _write_ninja_file_and_build_library
    _run_ninja_build(
  File "/home/vincenzo/anaconda3/envs/stylegan3/lib/python3.9/site-packages/torch/utils/cpp_extension.py", line 1682, in _run_ninja_build
    raise RuntimeError(message) from e
RuntimeError: Error building extension 'bias_act_plugin': [1/3] /home/vincenzo/anaconda3/envs/stylegan3/bin/nvcc  -DTORCH_EXTENSION_NAME=bias_act_plugin -DTORCH_API_INCLUDE_EXTENSION_H -DPYBIND11_COMPILER_TYPE=\"_gcc\" -DPYBIND11_STDLIB=\"_libstdcpp\" -DPYBIND11_BUILD_ABI=\"_cxxabi1011\" -isystem /home/vincenzo/anaconda3/envs/stylegan3/lib/python3.9/site-packages/torch/include -isystem /home/vincenzo/anaconda3/envs/stylegan3/lib/python3.9/site-packages/torch/include/torch/csrc/api/include -isystem /home/vincenzo/anaconda3/envs/stylegan3/lib/python3.9/site-packages/torch/include/TH -isystem /home/vincenzo/anaconda3/envs/stylegan3/lib/python3.9/site-packages/torch/include/THC -isystem /home/vincenzo/anaconda3/envs/stylegan3/include -isystem /home/vincenzo/anaconda3/envs/stylegan3/include/python3.9 -D_GLIBCXX_USE_CXX11_ABI=0 -D__CUDA_NO_HALF_OPERATORS__ -D__CUDA_NO_HALF_CONVERSIONS__ -D__CUDA_NO_BFLOAT16_CONVERSIONS__ -D__CUDA_NO_HALF2_OPERATORS__ --expt-relaxed-constexpr -gencode=arch=compute_86,code=compute_86 -gencode=arch=compute_86,code=sm_86 --compiler-options '-fPIC' --use_fast_math --allow-unsupported-compiler -std=c++14 -c /home/vincenzo/.cache/torch_extensions/bias_act_plugin/3cb576a0039689487cfba59279dd6d46-nvidia-geforce-rtx-3090/bias_act.cu -o bias_act.cuda.o 
FAILED: bias_act.cuda.o 
/home/vincenzo/anaconda3/envs/stylegan3/bin/nvcc  -DTORCH_EXTENSION_NAME=bias_act_plugin -DTORCH_API_INCLUDE_EXTENSION_H -DPYBIND11_COMPILER_TYPE=\"_gcc\" -DPYBIND11_STDLIB=\"_libstdcpp\" -DPYBIND11_BUILD_ABI=\"_cxxabi1011\" -isystem /home/vincenzo/anaconda3/envs/stylegan3/lib/python3.9/site-packages/torch/include -isystem /home/vincenzo/anaconda3/envs/stylegan3/lib/python3.9/site-packages/torch/include/torch/csrc/api/include -isystem /home/vincenzo/anaconda3/envs/stylegan3/lib/python3.9/site-packages/torch/include/TH -isystem /home/vincenzo/anaconda3/envs/stylegan3/lib/python3.9/site-packages/torch/include/THC -isystem /home/vincenzo/anaconda3/envs/stylegan3/include -isystem /home/vincenzo/anaconda3/envs/stylegan3/include/python3.9 -D_GLIBCXX_USE_CXX11_ABI=0 -D__CUDA_NO_HALF_OPERATORS__ -D__CUDA_NO_HALF_CONVERSIONS__ -D__CUDA_NO_BFLOAT16_CONVERSIONS__ -D__CUDA_NO_HALF2_OPERATORS__ --expt-relaxed-constexpr -gencode=arch=compute_86,code=compute_86 -gencode=arch=compute_86,code=sm_86 --compiler-options '-fPIC' --use_fast_math --allow-unsupported-compiler -std=c++14 -c /home/vincenzo/.cache/torch_extensions/bias_act_plugin/3cb576a0039689487cfba59279dd6d46-nvidia-geforce-rtx-3090/bias_act.cu -o bias_act.cuda.o 
/bin/sh: 1: /home/vincenzo/anaconda3/envs/stylegan3/bin/nvcc: not found
[2/3] c++ -MMD -MF bias_act.o.d -DTORCH_EXTENSION_NAME=bias_act_plugin -DTORCH_API_INCLUDE_EXTENSION_H -DPYBIND11_COMPILER_TYPE=\"_gcc\" -DPYBIND11_STDLIB=\"_libstdcpp\" -DPYBIND11_BUILD_ABI=\"_cxxabi1011\" -isystem /home/vincenzo/anaconda3/envs/stylegan3/lib/python3.9/site-packages/torch/include -isystem /home/vincenzo/anaconda3/envs/stylegan3/lib/python3.9/site-packages/torch/include/torch/csrc/api/include -isystem /home/vincenzo/anaconda3/envs/stylegan3/lib/python3.9/site-packages/torch/include/TH -isystem /home/vincenzo/anaconda3/envs/stylegan3/lib/python3.9/site-packages/torch/include/THC -isystem /home/vincenzo/anaconda3/envs/stylegan3/include -isystem /home/vincenzo/anaconda3/envs/stylegan3/include/python3.9 -D_GLIBCXX_USE_CXX11_ABI=0 -fPIC -std=c++14 -c /home/vincenzo/.cache/torch_extensions/bias_act_plugin/3cb576a0039689487cfba59279dd6d46-nvidia-geforce-rtx-3090/bias_act.cpp -o bias_act.o 
FAILED: bias_act.o 
c++ -MMD -MF bias_act.o.d -DTORCH_EXTENSION_NAME=bias_act_plugin -DTORCH_API_INCLUDE_EXTENSION_H -DPYBIND11_COMPILER_TYPE=\"_gcc\" -DPYBIND11_STDLIB=\"_libstdcpp\" -DPYBIND11_BUILD_ABI=\"_cxxabi1011\" -isystem /home/vincenzo/anaconda3/envs/stylegan3/lib/python3.9/site-packages/torch/include -isystem /home/vincenzo/anaconda3/envs/stylegan3/lib/python3.9/site-packages/torch/include/torch/csrc/api/include -isystem /home/vincenzo/anaconda3/envs/stylegan3/lib/python3.9/site-packages/torch/include/TH -isystem /home/vincenzo/anaconda3/envs/stylegan3/lib/python3.9/site-packages/torch/include/THC -isystem /home/vincenzo/anaconda3/envs/stylegan3/include -isystem /home/vincenzo/anaconda3/envs/stylegan3/include/python3.9 -D_GLIBCXX_USE_CXX11_ABI=0 -fPIC -std=c++14 -c /home/vincenzo/.cache/torch_extensions/bias_act_plugin/3cb576a0039689487cfba59279dd6d46-nvidia-geforce-rtx-3090/bias_act.cpp -o bias_act.o 
In file included from /home/vincenzo/.cache/torch_extensions/bias_act_plugin/3cb576a0039689487cfba59279dd6d46-nvidia-geforce-rtx-3090/bias_act.cpp:10:
/home/vincenzo/anaconda3/envs/stylegan3/lib/python3.9/site-packages/torch/include/ATen/cuda/CUDAContext.h:5:10: fatal error: cuda_runtime_api.h: No such file or directory
    5 | #include <cuda_runtime_api.h>
      |          ^~~~~~~~~~~~~~~~~~~~
compilation terminated.
ninja: build stopped: subcommand failed.

